<?xml version="1.0" encoding="UTF-8"?>
<!-- Generated by org.testng.reporters.JUnitReportReporter -->
<testsuite skipped="0" hostname="lenovo-PC" name="selenium.practice.FreeCRMTest" tests="1" failures="0" timestamp="26 Jan 2018 12:52:53 GMT" time="27.764" errors="0">
  <testcase name="test1" time="27.764" classname="selenium.practice.FreeCRMTest"/>
</testsuite> <!-- selenium.practice.FreeCRMTest -->
